# JRE version: Java(TM) SE Runtime Environment (8.0_261-b12) (build 1.8.0_261-b12)
# Java VM: Java HotSpot(TM) 64-Bit Server VM (25.261-b12 mixed mode windows-amd64 compressed oops)
Heap:
 PSYoungGen      total 153088K, used 80802K [0x0000000715b00000, 0x0000000728600000, 0x00000007c0000000)
  eden space 131584K, 47% used [0x0000000715b00000,0x00000007197f4880,0x000000071db80000)
  from space 21504K, 85% used [0x000000071f080000,0x0000000720274040,0x0000000720580000)
  to   space 21504K, 0% used [0x000000071db80000,0x000000071db80000,0x000000071f080000)
 ParOldGen       total 349696K, used 24K [0x00000005c1000000, 0x00000005d6580000, 0x0000000715b00000)
  object space 349696K, 0% used [0x00000005c1000000,0x00000005c1006000,0x00000005d6580000)
 Metaspace       used 9014K, capacity 9223K, committed 9344K, reserved 1058816K
  class space    used 753K, capacity 850K, committed 896K, reserved 1048576K
GC Heap History (4 events):
Event: 1.651 GC heap before
{Heap before GC invocations=1 (full 0):
 PSYoungGen      total 153088K, used 124875K [0x0000000715b00000, 0x0000000720580000, 0x00000007c0000000)
  eden space 131584K, 94% used [0x0000000715b00000,0x000000071d4f2ed0,0x000000071db80000)
  from space 21504K, 0% used [0x000000071f080000,0x000000071f080000,0x0000000720580000)
  to   space 21504K, 0% used [0x000000071db80000,0x000000071db80000,0x000000071f080000)
 ParOldGen       total 349696K, used 0K [0x00000005c1000000, 0x00000005d6580000, 0x0000000715b00000)
  object space 349696K, 0% used [0x00000005c1000000,0x00000005c1000000,0x00000005d6580000)
 Metaspace       used 9005K, capacity 9223K, committed 9344K, reserved 1058816K
  class space    used 753K, capacity 850K, committed 896K, reserved 1048576K
Event: 1.654 GC heap after
Heap after GC invocations=1 (full 0):
 PSYoungGen      total 153088K, used 8000K [0x0000000715b00000, 0x0000000720580000, 0x00000007c0000000)
  eden space 131584K, 0% used [0x0000000715b00000,0x0000000715b00000,0x000000071db80000)
  from space 21504K, 37% used [0x000000071db80000,0x000000071e3502f0,0x000000071f080000)
  to   space 21504K, 0% used [0x000000071f080000,0x000000071f080000,0x0000000720580000)
 ParOldGen       total 349696K, used 16K [0x00000005c1000000, 0x00000005d6580000, 0x0000000715b00000)
  object space 349696K, 0% used [0x00000005c1000000,0x00000005c1004000,0x00000005d6580000)
 Metaspace       used 9005K, capacity 9223K, committed 9344K, reserved 1058816K
  class space    used 753K, capacity 850K, committed 896K, reserved 1048576K
}
Event: 1.690 GC heap before
{Heap before GC invocations=2 (full 0):
 PSYoungGen      total 153088K, used 124491K [0x0000000715b00000, 0x0000000720580000, 0x00000007c0000000)
  eden space 131584K, 88% used [0x0000000715b00000,0x000000071ccc2b30,0x000000071db80000)
  from space 21504K, 37% used [0x000000071db80000,0x000000071e3502f0,0x000000071f080000)
  to   space 21504K, 0% used [0x000000071f080000,0x000000071f080000,0x0000000720580000)
 ParOldGen       total 349696K, used 16K [0x00000005c1000000, 0x00000005d6580000, 0x0000000715b00000)
  object space 349696K, 0% used [0x00000005c1000000,0x00000005c1004000,0x00000005d6580000)
 Metaspace       used 9013K, capacity 9223K, committed 9344K, reserved 1058816K
  class space    used 753K, capacity 850K, committed 896K, reserved 1048576K
Event: 1.696 GC heap after
Heap after GC invocations=2 (full 0):
 PSYoungGen      total 153088K, used 18384K [0x0000000715b00000, 0x0000000728600000, 0x00000007c0000000)
  eden space 131584K, 0% used [0x0000000715b00000,0x0000000715b00000,0x000000071db80000)
  from space 21504K, 85% used [0x000000071f080000,0x0000000720274040,0x0000000720580000)
  to   space 21504K, 0% used [0x000000071db80000,0x000000071db80000,0x000000071f080000)
 ParOldGen       total 349696K, used 24K [0x00000005c1000000, 0x00000005d6580000, 0x0000000715b00000)
  object space 349696K, 0% used [0x00000005c1000000,0x00000005c1006000,0x00000005d6580000)
 Metaspace       used 9013K, capacity 9223K, committed 9344K, reserved 1058816K
  class space    used 753K, capacity 850K, committed 896K, reserved 1048576K
}

